Slidemenudemo/app/build/outputs/logs/manifest-merger-debug-report.txt
-- Merging decision tree log ---
manifest
ADDED from src/main/AndroidManifest.xml:2:1-79:12
	package
		ADDED from src/main/AndroidManifest.xml:3:5-36
		INJECTED from src/main/AndroidManifest.xml
		INJECTED from src/main/AndroidManifest.xml
	android:versionName
		ADDED from src/main/AndroidManifest.xml:5:5-30
		INJECTED from src/main/AndroidManifest.xml
		INJECTED from src/main/AndroidManifest.xml
	android:versionCode
		ADDED from src/main/AndroidManifest.xml:4:5-28
		INJECTED from src/main/AndroidManifest.xml
		INJECTED from src/main/AndroidManifest.xml
	xmlns:android
		ADDED from src/main/AndroidManifest.xml:2:11-69
uses-sdk
ADDED from src/main/AndroidManifest.xml:7:5-9:41
MERGED from [com.android.support:support-v4:23.1.0] AndroidManifest.xml:20:5-43
MERGED from [com.android.support:appcompat-v7:23.1.0] AndroidManifest.xml:20:5-43
MERGED from [com.android.support:support-v4:23.1.0] AndroidManifest.xml:20:5-43
MERGED from [com.android.support:design:23.1.0] AndroidManifest.xml:20:5-43
MERGED from [com.android.support:appcompat-v7:23.1.0] AndroidManifest.xml:20:5-43
MERGED from [com.android.support:support-v4:23.1.0] AndroidManifest.xml:20:5-43
MERGED from [com.android.support:recyclerview-v7:23.1.0] AndroidManifest.xml:20:5-43
MERGED from [com.android.support:support-v4:23.1.0] AndroidManifest.xml:20:5-43
MERGED from [com.android.support:support-v4:23.1.0] AndroidManifest.xml:20:5-43
	android:targetSdkVersion
		ADDED from src/main/AndroidManifest.xml:9:9-38
		INJECTED from src/main/AndroidManifest.xml
		INJECTED from src/main/AndroidManifest.xml
	android:minSdkVersion
		ADDED from src/main/AndroidManifest.xml:8:9-34
		INJECTED from src/main/AndroidManifest.xml
		INJECTED from src/main/AndroidManifest.xml
application
ADDED from src/main/AndroidManifest.xml:11:5-63:19
MERGED from [com.android.support:support-v4:23.1.0] AndroidManifest.xml:22:5-20
MERGED from [com.android.support:appcompat-v7:23.1.0] AndroidManifest.xml:22:5-20
MERGED from [com.android.support:support-v4:23.1.0] AndroidManifest.xml:22:5-20
MERGED from [com.android.support:design:23.1.0] AndroidManifest.xml:22:5-20
MERGED from [com.android.support:appcompat-v7:23.1.0] AndroidManifest.xml:22:5-20
MERGED from [com.android.support:support-v4:23.1.0] AndroidManifest.xml:22:5-20
MERGED from [com.android.support:support-v4:23.1.0] AndroidManifest.xml:22:5-20
MERGED from [com.android.support:support-v4:23.1.0] AndroidManifest.xml:22:5-20
	android:label
		ADDED from src/main/AndroidManifest.xml:14:9-36
	android:allowBackup
		ADDED from src/main/AndroidManifest.xml:12:9-35
	android:icon
		ADDED from src/main/AndroidManifest.xml:13:9-40
	android:theme
		ADDED from src/main/AndroidManifest.xml:15:9-40
activity#com.ctt.slidemenudemo.MainActivity
ADDED from src/main/AndroidManifest.xml:16:9-25:20
	android:label
		ADDED from src/main/AndroidManifest.xml:18:13-40
	android:theme
		ADDED from src/main/AndroidManifest.xml:19:13-66
	android:name
		ADDED from src/main/AndroidManifest.xml:17:13-62
intent-filter#android.intent.action.MAIN+android.intent.category.LAUNCHER
ADDED from src/main/AndroidManifest.xml:20:13-24:29
action#android.intent.action.MAIN
ADDED from src/main/AndroidManifest.xml:21:17-69
	android:name
		ADDED from src/main/AndroidManifest.xml:21:25-66
category#android.intent.category.LAUNCHER
ADDED from src/main/AndroidManifest.xml:23:17-77
	android:name
		ADDED from src/main/AndroidManifest.xml:23:27-74
meta-data#com.baidu.lbsapi.API_KEY
ADDED from src/main/AndroidManifest.xml:27:5-29:52
	android:value
		ADDED from src/main/AndroidManifest.xml:29:9-49
	android:name
		ADDED from src/main/AndroidManifest.xml:28:9-48
activity#com.ctt.slidemenudemo.Main_Location
ADDED from src/main/AndroidManifest.xml:31:5-33:20
	android:name
		ADDED from src/main/AndroidManifest.xml:32:13-63
service#com.baidu.location.f
ADDED from src/main/AndroidManifest.xml:34:9-38:19
	android:enabled
		ADDED from src/main/AndroidManifest.xml:36:13-35
	android:process
		ADDED from src/main/AndroidManifest.xml:37:13-38
	android:name
		ADDED from src/main/AndroidManifest.xml:35:13-48
activity#com.ctt.slidemenudemo.sportstrack
ADDED from src/main/AndroidManifest.xml:40:9-42:20
	android:name
		ADDED from src/main/AndroidManifest.xml:41:13-61
activity#com.ctt.slidemenudemo.historyrecord
ADDED from src/main/AndroidManifest.xml:44:9-46:20
	android:name
		ADDED from src/main/AndroidManifest.xml:45:13-63
activity#com.ctt.slidemenudemo.lishijilu
ADDED from src/main/AndroidManifest.xml:48:9-50:20
	android:name
		ADDED from src/main/AndroidManifest.xml:49:13-59
activity#com.ctt.slidemenudemo.Settings
ADDED from src/main/AndroidManifest.xml:51:9-53:20
	android:name
		ADDED from src/main/AndroidManifest.xml:52:13-58
activity#com.ctt.slidemenudemo.height_weight
ADDED from src/main/AndroidManifest.xml:54:9-56:20
	android:name
		ADDED from src/main/AndroidManifest.xml:55:13-63
activity#com.ctt.slidemenudemo.Textques
ADDED from src/main/AndroidManifest.xml:57:9-59:20
	android:name
		ADDED from src/main/AndroidManifest.xml:58:13-58
activity#com.ctt.slidemenudemo.user_photo
ADDED from src/main/AndroidManifest.xml:60:9-62:20
	android:name
		ADDED from src/main/AndroidManifest.xml:61:13-60
uses-permission#android.permission.GET_ACCOUNTS
ADDED from src/main/AndroidManifest.xml:64:2-68
	android:name
		ADDED from src/main/AndroidManifest.xml:64:19-65
uses-permission#android.permission.USE_CREDENTIALS
ADDED from src/main/AndroidManifest.xml:65:2-71
	android:name
		ADDED from src/main/AndroidManifest.xml:65:19-68
uses-permission#android.permission.MANAGE_ACCOUNTS
ADDED from src/main/AndroidManifest.xml:66:2-71
	android:name
		ADDED from src/main/AndroidManifest.xml:66:19-68
uses-permission#android.permission.AUTHENTICATE_ACCOUNTS
ADDED from src/main/AndroidManifest.xml:67:2-77
	android:name
		ADDED from src/main/AndroidManifest.xml:67:19-74
uses-permission#android.permission.ACCESS_NETWORK_STATE
ADDED from src/main/AndroidManifest.xml:68:2-76
	android:name
		ADDED from src/main/AndroidManifest.xml:68:19-73
uses-permission#android.permission.INTERNET
ADDED from src/main/AndroidManifest.xml:69:2-64
	android:name
		ADDED from src/main/AndroidManifest.xml:69:19-61
uses-permission#com.android.launcher.permission.READ_SETTINGS
ADDED from src/main/AndroidManifest.xml:70:2-82
	android:name
		ADDED from src/main/AndroidManifest.xml:70:19-79
uses-permission#android.permission.CHANGE_WIFI_STATE
ADDED from src/main/AndroidManifest.xml:71:2-73
	android:name
		ADDED from src/main/AndroidManifest.xml:71:19-70
uses-permission#android.permission.ACCESS_WIFI_STATE
ADDED from src/main/AndroidManifest.xml:72:2-73
	android:name
		ADDED from src/main/AndroidManifest.xml:72:19-70
uses-permission#android.permission.READ_PHONE_STATE
ADDED from src/main/AndroidManifest.xml:73:2-72
	android:name
		ADDED from src/main/AndroidManifest.xml:73:19-69
uses-permission#android.permission.WRITE_EXTERNAL_STORAGE
ADDED from src/main/AndroidManifest.xml:74:2-78
	android:name
		ADDED from src/main/AndroidManifest.xml:74:19-75
uses-permission#android.permission.BROADCAST_STICKY
ADDED from src/main/AndroidManifest.xml:75:2-72
	android:name
		ADDED from src/main/AndroidManifest.xml:75:19-69
uses-permission#android.permission.WRITE_SETTINGS
ADDED from src/main/AndroidManifest.xml:76:2-70
	android:name
		ADDED from src/main/AndroidManifest.xml:76:19-67
uses-permission#android.permission.ACCESS_FINE_LOCATION
ADDED from src/main/AndroidManifest.xml:78:5-78
	android:name
		ADDED from src/main/AndroidManifest.xml:78:22-76